  tcpClientPacket.cpp
c:\users\ajtwl\desktop\school\3-1\네트워크게임프로그래밍설계\project\wspiapi.h(89): warning C4996: 'strcpy': This function or variable may be unsafe. Consider using strcpy_s instead. To disable deprecation, use _CRT_SECURE_NO_WARNINGS. See online help for details.
  C:\Program Files (x86)\Windows Kits\10\Include\10.0.14393.0\ucrt\string.h(129): note: 'strcpy' 선언을 참조하십시오.
c:\users\ajtwl\desktop\school\3-1\네트워크게임프로그래밍설계\project\wspiapi.h(128): warning C4996: 'inet_addr': Use inet_pton() or InetPton() instead or define _WINSOCK_DEPRECATED_NO_WARNINGS to disable deprecated API warnings
  C:\Program Files (x86)\Windows Kits\10\Include\10.0.14393.0\um\WinSock2.h(1828): note: 'inet_addr' 선언을 참조하십시오.
c:\users\ajtwl\desktop\school\3-1\네트워크게임프로그래밍설계\project\wspiapi.h(232): warning C4996: 'gethostbyname': Use getaddrinfo() or GetAddrInfoW() instead or define _WINSOCK_DEPRECATED_NO_WARNINGS to disable deprecated API warnings
  C:\Program Files (x86)\Windows Kits\10\Include\10.0.14393.0\um\WinSock2.h(2216): note: 'gethostbyname' 선언을 참조하십시오.
c:\users\ajtwl\desktop\school\3-1\네트워크게임프로그래밍설계\project\wspiapi.h(256): warning C4996: 'strcpy': This function or variable may be unsafe. Consider using strcpy_s instead. To disable deprecation, use _CRT_SECURE_NO_WARNINGS. See online help for details.
  C:\Program Files (x86)\Windows Kits\10\Include\10.0.14393.0\ucrt\string.h(129): note: 'strcpy' 선언을 참조하십시오.
c:\users\ajtwl\desktop\school\3-1\네트워크게임프로그래밍설계\project\wspiapi.h(313): warning C4996: 'strcpy': This function or variable may be unsafe. Consider using strcpy_s instead. To disable deprecation, use _CRT_SECURE_NO_WARNINGS. See online help for details.
  C:\Program Files (x86)\Windows Kits\10\Include\10.0.14393.0\ucrt\string.h(129): note: 'strcpy' 선언을 참조하십시오.
c:\users\ajtwl\desktop\school\3-1\네트워크게임프로그래밍설계\project\wspiapi.h(613): warning C4996: 'inet_ntoa': Use inet_ntop() or InetNtop() instead or define _WINSOCK_DEPRECATED_NO_WARNINGS to disable deprecated API warnings
  C:\Program Files (x86)\Windows Kits\10\Include\10.0.14393.0\um\WinSock2.h(1846): note: 'inet_ntoa' 선언을 참조하십시오.
c:\users\ajtwl\desktop\school\3-1\네트워크게임프로그래밍설계\project\wspiapi.h(733): warning C4996: 'sprintf': This function or variable may be unsafe. Consider using sprintf_s instead. To disable deprecation, use _CRT_SECURE_NO_WARNINGS. See online help for details.
  C:\Program Files (x86)\Windows Kits\10\Include\10.0.14393.0\ucrt\stdio.h(1769): note: 'sprintf' 선언을 참조하십시오.
c:\users\ajtwl\desktop\school\3-1\네트워크게임프로그래밍설계\project\wspiapi.h(748): warning C4996: 'sprintf': This function or variable may be unsafe. Consider using sprintf_s instead. To disable deprecation, use _CRT_SECURE_NO_WARNINGS. See online help for details.
  C:\Program Files (x86)\Windows Kits\10\Include\10.0.14393.0\ucrt\stdio.h(1769): note: 'sprintf' 선언을 참조하십시오.
c:\users\ajtwl\desktop\school\3-1\네트워크게임프로그래밍설계\project\wspiapi.h(754): warning C4996: 'strcpy': This function or variable may be unsafe. Consider using strcpy_s instead. To disable deprecation, use _CRT_SECURE_NO_WARNINGS. See online help for details.
  C:\Program Files (x86)\Windows Kits\10\Include\10.0.14393.0\ucrt\string.h(129): note: 'strcpy' 선언을 참조하십시오.
c:\users\ajtwl\desktop\school\3-1\네트워크게임프로그래밍설계\project\wspiapi.h(769): warning C4996: 'inet_ntoa': Use inet_ntop() or InetNtop() instead or define _WINSOCK_DEPRECATED_NO_WARNINGS to disable deprecated API warnings
  C:\Program Files (x86)\Windows Kits\10\Include\10.0.14393.0\um\WinSock2.h(1846): note: 'inet_ntoa' 선언을 참조하십시오.
c:\users\ajtwl\desktop\school\3-1\네트워크게임프로그래밍설계\project\wspiapi.h(774): warning C4996: 'gethostbyaddr': Use getnameinfo() or GetNameInfoW() instead or define _WINSOCK_DEPRECATED_NO_WARNINGS to disable deprecated API warnings
  C:\Program Files (x86)\Windows Kits\10\Include\10.0.14393.0\um\WinSock2.h(2194): note: 'gethostbyaddr' 선언을 참조하십시오.
c:\users\ajtwl\desktop\school\3-1\네트워크게임프로그래밍설계\project\wspiapi.h(799): warning C4996: 'inet_ntoa': Use inet_ntop() or InetNtop() instead or define _WINSOCK_DEPRECATED_NO_WARNINGS to disable deprecated API warnings
  C:\Program Files (x86)\Windows Kits\10\Include\10.0.14393.0\um\WinSock2.h(1846): note: 'inet_ntoa' 선언을 참조하십시오.
c:\users\ajtwl\desktop\school\3-1\네트워크게임프로그래밍설계\project\wspiapi.h(804): warning C4996: 'strcpy': This function or variable may be unsafe. Consider using strcpy_s instead. To disable deprecation, use _CRT_SECURE_NO_WARNINGS. See online help for details.
  C:\Program Files (x86)\Windows Kits\10\Include\10.0.14393.0\ucrt\string.h(129): note: 'strcpy' 선언을 참조하십시오.
tcpClientPacket.cpp(40): warning C4996: 'strcpy': This function or variable may be unsafe. Consider using strcpy_s instead. To disable deprecation, use _CRT_SECURE_NO_WARNINGS. See online help for details.
  C:\Program Files (x86)\Windows Kits\10\Include\10.0.14393.0\ucrt\string.h(129): note: 'strcpy' 선언을 참조하십시오.
tcpClientPacket.cpp(46): warning C4996: 'strcpy': This function or variable may be unsafe. Consider using strcpy_s instead. To disable deprecation, use _CRT_SECURE_NO_WARNINGS. See online help for details.
  C:\Program Files (x86)\Windows Kits\10\Include\10.0.14393.0\ucrt\string.h(129): note: 'strcpy' 선언을 참조하십시오.
tcpClientPacket.cpp(56): warning C4996: 'strcpy': This function or variable may be unsafe. Consider using strcpy_s instead. To disable deprecation, use _CRT_SECURE_NO_WARNINGS. See online help for details.
  C:\Program Files (x86)\Windows Kits\10\Include\10.0.14393.0\ucrt\string.h(129): note: 'strcpy' 선언을 참조하십시오.
tcpClientPacket.cpp(58): warning C4996: 'strcpy': This function or variable may be unsafe. Consider using strcpy_s instead. To disable deprecation, use _CRT_SECURE_NO_WARNINGS. See online help for details.
  C:\Program Files (x86)\Windows Kits\10\Include\10.0.14393.0\ucrt\string.h(129): note: 'strcpy' 선언을 참조하십시오.
tcpClientPacket.cpp(67): warning C4996: 'gethostbyname': Use getaddrinfo() or GetAddrInfoW() instead or define _WINSOCK_DEPRECATED_NO_WARNINGS to disable deprecated API warnings
  C:\Program Files (x86)\Windows Kits\10\Include\10.0.14393.0\um\WinSock2.h(2216): note: 'gethostbyname' 선언을 참조하십시오.
tcpClientPacket.cpp(73): warning C4996: 'inet_ntoa': Use inet_ntop() or InetNtop() instead or define _WINSOCK_DEPRECATED_NO_WARNINGS to disable deprecated API warnings
  C:\Program Files (x86)\Windows Kits\10\Include\10.0.14393.0\um\WinSock2.h(1846): note: 'inet_ntoa' 선언을 참조하십시오.
tcpClientPacket.cpp(79): warning C4996: 'inet_addr': Use inet_pton() or InetPton() instead or define _WINSOCK_DEPRECATED_NO_WARNINGS to disable deprecated API warnings
  C:\Program Files (x86)\Windows Kits\10\Include\10.0.14393.0\um\WinSock2.h(1828): note: 'inet_addr' 선언을 참조하십시오.
tcpClientPacket.cpp(80): warning C4996: 'gethostbyaddr': Use getnameinfo() or GetNameInfoW() instead or define _WINSOCK_DEPRECATED_NO_WARNINGS to disable deprecated API warnings
  C:\Program Files (x86)\Windows Kits\10\Include\10.0.14393.0\um\WinSock2.h(2194): note: 'gethostbyaddr' 선언을 참조하십시오.
tcpClientPacket.cpp(138): warning C4996: 'strcpy': This function or variable may be unsafe. Consider using strcpy_s instead. To disable deprecation, use _CRT_SECURE_NO_WARNINGS. See online help for details.
  C:\Program Files (x86)\Windows Kits\10\Include\10.0.14393.0\ucrt\string.h(129): note: 'strcpy' 선언을 참조하십시오.
tcpClientPacket.cpp(239): warning C4996: 'inet_addr': Use inet_pton() or InetPton() instead or define _WINSOCK_DEPRECATED_NO_WARNINGS to disable deprecated API warnings
  C:\Program Files (x86)\Windows Kits\10\Include\10.0.14393.0\um\WinSock2.h(1828): note: 'inet_addr' 선언을 참조하십시오.
tcpClientPacket.cpp(270): warning C4996: 'sprintf': This function or variable may be unsafe. Consider using sprintf_s instead. To disable deprecation, use _CRT_SECURE_NO_WARNINGS. See online help for details.
  C:\Program Files (x86)\Windows Kits\10\Include\10.0.14393.0\ucrt\stdio.h(1769): note: 'sprintf' 선언을 참조하십시오.
  source.cpp
source.cpp(391): warning C4553: '==': 의미 없는 연산자입니다. '='을(를) 사용하려고 했습니까?
source.cpp(374): warning C4996: 'sprintf': This function or variable may be unsafe. Consider using sprintf_s instead. To disable deprecation, use _CRT_SECURE_NO_WARNINGS. See online help for details.
  C:\Program Files (x86)\Windows Kits\10\Include\10.0.14393.0\ucrt\stdio.h(1769): note: 'sprintf' 선언을 참조하십시오.
source.cpp(380): warning C4996: 'sprintf': This function or variable may be unsafe. Consider using sprintf_s instead. To disable deprecation, use _CRT_SECURE_NO_WARNINGS. See online help for details.
  C:\Program Files (x86)\Windows Kits\10\Include\10.0.14393.0\ucrt\stdio.h(1769): note: 'sprintf' 선언을 참조하십시오.
  Packet.cpp
  DSUTIL.CPP
  DDUTIL.CPP
  코드를 생성하고 있습니다...
  Random.vcxproj -> C:\Users\ajtwl\Desktop\School\3-1\네트워크게임프로그래밍설계\Project\Debug\absolute pitch test.exe
  Random.vcxproj -> C:\Users\ajtwl\Desktop\School\3-1\네트워크게임프로그래밍설계\Project\Debug\absolute pitch test.pdb (Partial PDB)
